c:\users\toxa\source\repos\kursach\kursach\debug\vc142.pdb
c:\users\toxa\source\repos\kursach\kursach\debug\vc142.idb
c:\users\toxa\source\repos\kursach\kursach\debug\kursach.obj
c:\users\toxa\source\repos\kursach\kursach\debug\addnew.obj
c:\users\toxa\source\repos\kursach\kursach\debug\remove.obj
c:\users\toxa\source\repos\kursach\kursach\debug\outputall.obj
c:\users\toxa\source\repos\kursach\kursach\debug\getinfo.obj
c:\users\toxa\source\repos\kursach\kursach\debug\edit.obj
c:\users\toxa\source\repos\kursach\kursach\debug\sorting.obj
c:\users\toxa\source\repos\kursach\kursach\debug\showmenu.obj
c:\users\toxa\source\repos\kursach\kursach\debug\search.obj
c:\users\toxa\source\repos\kursach\kursach\debug\priceforall.obj
c:\users\toxa\source\repos\kursach\debug\kursach.ilk
c:\users\toxa\source\repos\kursach\debug\kursach.exe
c:\users\toxa\source\repos\kursach\debug\kursach.pdb
c:\users\toxa\source\repos\kursach\kursach\debug\kursach.nativecodeanalysis.xml
c:\users\toxa\source\repos\kursach\kursach\debug\vc.nativecodeanalysis.all.xml
c:\users\toxa\source\repos\kursach\kursach\debug\kursach.tlog\cl.command.1.tlog
c:\users\toxa\source\repos\kursach\kursach\debug\kursach.tlog\cl.read.1.tlog
c:\users\toxa\source\repos\kursach\kursach\debug\kursach.tlog\cl.write.1.tlog
c:\users\toxa\source\repos\kursach\kursach\debug\kursach.tlog\link.command.1.tlog
c:\users\toxa\source\repos\kursach\kursach\debug\kursach.tlog\link.read.1.tlog
c:\users\toxa\source\repos\kursach\kursach\debug\kursach.tlog\link.write.1.tlog
